<?xml version="1.0" encoding="UTF-8"?>
<!-- Generated by org.testng.reporters.JUnitXMLReporter -->
<testsuite ignored="0" hostname="CISPL-IO-357" failures="1" tests="1" name="Default test" time="14.816" errors="0" timestamp="2025-10-06T18:24:46 IST">
  <testcase classname="io.cucumber.testng.AbstractTestNGCucumberTests" name="runScenario" time="12.817">
    <failure type="junit.framework.ComparisonFailure" message="Account Login expected:&amp;lt;My Account&amp;gt; but was:&amp;lt;Login failed!&amp;gt;">
      <![CDATA[junit.framework.ComparisonFailure: Account Login expected:<My Account> but was:<Login failed!>
at junit.framework.Assert.assertEquals(Assert.java:81)
at com.Stepdefination.Login_Steps.the_user_should_successfully_login(Login_Steps.java:99)
at ✽.the user should successfully login(file:///C:/Users/CODECLOUDS-DIPAK/Word-space/Pract/src/test/resources/Feature/Login.feature:29)
]]>
    </failure>
  </testcase> <!-- runScenario -->
</testsuite> <!-- Default test -->
