<?xml version="1.0" encoding="UTF-8"?>
<testng-results ignored="0" total="1" passed="0" failed="1" skipped="0">
  <reporter-output>
  </reporter-output>
  <suite started-at="2025-10-06T18:24:31 IST" name="Default suite" finished-at="2025-10-06T18:24:46 IST" duration-ms="14816">
    <groups>
      <group name="cucumber">
        <method signature="AbstractTestNGCucumberTests.runScenario(io.cucumber.testng.PickleWrapper,io.cucumber.testng.FeatureWrapper)[pri:0, instance:com.runner.Runner@3b0090a4]" name="runScenario" class="io.cucumber.testng.AbstractTestNGCucumberTests"/>
      </group> <!-- cucumber -->
    </groups>
    <test started-at="2025-10-06T18:24:31 IST" name="Default test" finished-at="2025-10-06T18:24:46 IST" duration-ms="14816">
      <class name="com.runner.Runner">
        <test-method is-config="true" signature="setUpClass(org.testng.ITestContext)[pri:0, instance:com.runner.Runner@3b0090a4]" started-at="2025-10-06T18:24:31 IST" name="setUpClass" finished-at="2025-10-06T18:24:33 IST" duration-ms="1747" status="PASS">
          <params>
            <param index="0">
              <value>
                <![CDATA[org.testng.TestRunner@6428591a]]>
              </value>
            </param>
          </params>
          <reporter-output>
          </reporter-output>
        </test-method> <!-- setUpClass -->
        <test-method signature="runScenario(io.cucumber.testng.PickleWrapper,io.cucumber.testng.FeatureWrapper)[pri:0, instance:com.runner.Runner@3b0090a4]" started-at="2025-10-06T18:24:33 IST" name="runScenario" description="Runs Cucumber Scenarios" data-provider="scenarios" finished-at="2025-10-06T18:24:46 IST" duration-ms="12817" status="FAIL">
          <params>
            <param index="0">
              <value>
                <![CDATA["Login with DataTable"]]>
              </value>
            </param>
            <param index="1">
              <value>
                <![CDATA["Login feature"]]>
              </value>
            </param>
          </params>
          <exception class="junit.framework.ComparisonFailure">
            <message>
              <![CDATA[Account Login expected:<My Account> but was:<Login failed!>]]>
            </message>
            <full-stacktrace>
              <![CDATA[junit.framework.ComparisonFailure: Account Login expected:<My Account> but was:<Login failed!>
at junit.framework.Assert.assertEquals(Assert.java:81)
at com.Stepdefination.Login_Steps.the_user_should_successfully_login(Login_Steps.java:99)
at ✽.the user should successfully login(file:///C:/Users/CODECLOUDS-DIPAK/Word-space/Pract/src/test/resources/Feature/Login.feature:29)
]]>
            </full-stacktrace>
          </exception> <!-- junit.framework.ComparisonFailure -->
          <reporter-output>
          </reporter-output>
        </test-method> <!-- runScenario -->
        <test-method is-config="true" signature="tearDownClass()[pri:0, instance:com.runner.Runner@3b0090a4]" started-at="2025-10-06T18:24:46 IST" name="tearDownClass" finished-at="2025-10-06T18:24:46 IST" duration-ms="138" status="PASS">
          <reporter-output>
          </reporter-output>
        </test-method> <!-- tearDownClass -->
      </class> <!-- com.runner.Runner -->
    </test> <!-- Default test -->
  </suite> <!-- Default suite -->
</testng-results>
