<?xml version="1.0" encoding="UTF-8"?>
<!-- Generated by org.testng.reporters.JUnitReportReporter -->
<testsuite hostname="CISPL-IO-357" failures="0" tests="1" name="com.runner.Runner" time="12.817" errors="1" timestamp="2025-10-06T18:24:46 IST" skipped="0">
  <testcase classname="com.runner.Runner" name="runScenario" time="12.817">
    <error message="Account Login expected:&lt;My Account&gt; but was:&lt;Login failed!&gt;" type="junit.framework.ComparisonFailure">
      <![CDATA[junit.framework.ComparisonFailure: Account Login expected:<My Account> but was:<Login failed!>
at junit.framework.Assert.assertEquals(Assert.java:81)
at com.Stepdefination.Login_Steps.the_user_should_successfully_login(Login_Steps.java:99)
at ✽.the user should successfully login(file:///C:/Users/CODECLOUDS-DIPAK/Word-space/Pract/src/test/resources/Feature/Login.feature:29)
]]>
    </error>
  </testcase> <!-- runScenario -->
</testsuite> <!-- com.runner.Runner -->
